In file included from [01m[K/home/vishwam/iitb_racecar/src/racecar_plugins/src/racecar_plugin.cpp:2[m[K:
[01m[K/home/vishwam/iitb_racecar/src/racecar_plugins/include/racecar_plugins/racecar_plugin.hpp:17:10:[m[K [01;31m[Kfatal error: [m[Knav_msgs/msg/odometry.hpp: No such file or directory
   17 | #include [01;31m[K"nav_msgs/msg/odometry.hpp"[m[K
      |          [01;31m[K^~~~~~~~~~~~~~~~~~~~~~~~~~~[m[K
compilation terminated.
gmake[2]: *** [CMakeFiles/racecar_plugin.dir/build.make:76: CMakeFiles/racecar_plugin.dir/src/racecar_plugin.cpp.o] Error 1
gmake[1]: *** [CMakeFiles/Makefile2:137: CMakeFiles/racecar_plugin.dir/all] Error 2
gmake: *** [Makefile:146: all] Error 2
