[0.011s] Invoking command in '/home/vishwam/iitb_racecar/build/racecar_plugins': CMAKE_PREFIX_PATH=${CMAKE_PREFIX_PATH}:/opt/ros/humble:/home/vishwam/iitb_racecar/install/racecar /usr/bin/cmake --build /home/vishwam/iitb_racecar/build/racecar_plugins -- -j20 -l20
[0.106s] [ 50%] [32mBuilding CXX object CMakeFiles/racecar_plugin.dir/src/racecar_plugin.cpp.o[0m
[2.975s] In file included from [01m[K/home/vishwam/iitb_racecar/src/racecar_plugins/src/racecar_plugin.cpp:2[m[K:
[2.976s] [01m[K/home/vishwam/iitb_racecar/src/racecar_plugins/include/racecar_plugins/racecar_plugin.hpp:17:10:[m[K [01;31m[Kfatal error: [m[Knav_msgs/msg/odometry.hpp: No such file or directory
[2.976s]    17 | #include [01;31m[K"nav_msgs/msg/odometry.hpp"[m[K
[2.976s]       |          [01;31m[K^~~~~~~~~~~~~~~~~~~~~~~~~~~[m[K
[2.976s] compilation terminated.
[3.002s] gmake[2]: *** [CMakeFiles/racecar_plugin.dir/build.make:76: CMakeFiles/racecar_plugin.dir/src/racecar_plugin.cpp.o] Error 1
[3.003s] gmake[1]: *** [CMakeFiles/Makefile2:137: CMakeFiles/racecar_plugin.dir/all] Error 2
[3.003s] gmake: *** [Makefile:146: all] Error 2
[3.006s] Invoked command in '/home/vishwam/iitb_racecar/build/racecar_plugins' returned '2': CMAKE_PREFIX_PATH=${CMAKE_PREFIX_PATH}:/opt/ros/humble:/home/vishwam/iitb_racecar/install/racecar /usr/bin/cmake --build /home/vishwam/iitb_racecar/build/racecar_plugins -- -j20 -l20
