[0.012s] Invoking command in '/home/vishwam/iitb_racecar/build/racecar_plugins': CMAKE_PREFIX_PATH=${CMAKE_PREFIX_PATH}:/opt/ros/humble:/home/vishwam/iitb_racecar/install/racecar /usr/bin/cmake --build /home/vishwam/iitb_racecar/build/racecar_plugins -- -j20 -l20
[0.079s] [35m[1mConsolidate compiler generated dependencies of target racecar_plugin[0m
[0.129s] [ 50%] [32mBuilding CXX object CMakeFiles/racecar_plugin.dir/src/racecar_plugin.cpp.o[0m
[10.232s] [01m[K/home/vishwam/iitb_racecar/src/racecar_plugins/src/racecar_plugin.cpp:[m[K In member function â€˜[01m[Kvoid gazebo::RacecarPlugin::publishOdom()[m[Kâ€™:
[10.232s] [01m[K/home/vishwam/iitb_racecar/src/racecar_plugins/src/racecar_plugin.cpp:41:35:[m[K [01;31m[Kerror: [m[Kexpected initializer before â€˜[01m[K_offset[m[Kâ€™
[10.232s]    41 |         std::vector<double> euler [01;31m[K_offset[m[K.Rot().Yaw();
[10.232s]       |                                   [01;31m[K^~~~~~~[m[K
[10.249s] [01m[K/home/vishwam/iitb_racecar/src/racecar_plugins/src/racecar_plugin.cpp:42:49:[m[K [01;31m[Kerror: [m[Kâ€˜[01m[Keuler[m[Kâ€™ was not declared in this scope
[10.249s]    42 |         std::vector<double> quat = ToQuaternion([01;31m[Keuler[m[K);
[10.249s]       |                                                 [01;31m[K^~~~~[m[K
[10.250s] [01m[K/home/vishwam/iitb_racecar/src/racecar_plugins/src/racecar_plugin.cpp:48:55:[m[K [01;31m[Kerror: [m[Kâ€˜[01m[Kclass gazebo::physics::Model[m[Kâ€™ has no member named â€˜[01m[KGetWorldLinearVel[m[Kâ€™; did you mean â€˜[01m[KWorldLinearVel[m[Kâ€™?
[10.250s]    48 |         ignition::math::Vector3 _linear_vel = _model->[01;31m[KGetWorldLinearVel[m[K();
[10.250s]       |                                                       [01;31m[K^~~~~~~~~~~~~~~~~[m[K
[10.250s]       |                                                       [32m[KWorldLinearVel[m[K
[10.250s] [01m[K/home/vishwam/iitb_racecar/src/racecar_plugins/src/racecar_plugin.cpp:53:56:[m[K [01;31m[Kerror: [m[Kâ€˜[01m[Kclass gazebo::physics::Model[m[Kâ€™ has no member named â€˜[01m[KGetWorldAngularVel[m[Kâ€™; did you mean â€˜[01m[KWorldAngularVel[m[Kâ€™?
[10.250s]    53 |         ignition::math::Vector3 _angular_vel = _model->[01;31m[KGetWorldAngularVel[m[K();
[10.250s]       |                                                        [01;31m[K^~~~~~~~~~~~~~~~~~[m[K
[10.250s]       |                                                        [32m[KWorldAngularVel[m[K
[12.366s] gmake[2]: *** [CMakeFiles/racecar_plugin.dir/build.make:76: CMakeFiles/racecar_plugin.dir/src/racecar_plugin.cpp.o] Error 1
[12.366s] gmake[1]: *** [CMakeFiles/Makefile2:137: CMakeFiles/racecar_plugin.dir/all] Error 2
[12.366s] gmake: *** [Makefile:146: all] Error 2
[12.369s] Invoked command in '/home/vishwam/iitb_racecar/build/racecar_plugins' returned '2': CMAKE_PREFIX_PATH=${CMAKE_PREFIX_PATH}:/opt/ros/humble:/home/vishwam/iitb_racecar/install/racecar /usr/bin/cmake --build /home/vishwam/iitb_racecar/build/racecar_plugins -- -j20 -l20
